bizzan-android/lib-zxing/build/intermediates/manifest_merge_blame_file/debug/manifest-merger-blame-debug-report.txt
1<?xml version="1.0" encoding="utf-8"?>
2<manifest xmlns:android="http://schemas.android.com/apk/res/android"
3    package="com.uuzuche.lib_zxing"
4    android:versionCode="1"
5    android:versionName="1.0" >
6
7    <uses-sdk
8        android:minSdkVersion="14"
8-->src\main\AndroidManifest.xml
9        android:targetSdkVersion="25" />
9-->src\main\AndroidManifest.xml
10
11    <application android:allowBackup="true" >
11-->src\main\AndroidManifest.xml:4:5-15:19
11-->src\main\AndroidManifest.xml:5:9-35
12        <activity
12-->src\main\AndroidManifest.xml:8:9-14:25
13            android:name="com.uuzuche.lib_zxing.activity.CaptureActivity"
13-->src\main\AndroidManifest.xml:10:13-74
14            android:configChanges="orientation|keyboardHidden"
14-->src\main\AndroidManifest.xml:9:13-63
15            android:screenOrientation="portrait"
15-->src\main\AndroidManifest.xml:11:13-49
16            android:theme="@style/Theme.AppCompat.NoActionBar"
16-->src\main\AndroidManifest.xml:13:13-63
17            android:windowSoftInputMode="stateAlwaysHidden" />
17-->src\main\AndroidManifest.xml:12:13-60
18    </application>
19
20</manifest>